<?xml version="1.0" encoding="UTF-8"?>
<!-- Generated by org.testng.reporters.JUnitReportReporter -->
<testsuite hostname="LAPTOP-66147TBK" failures="0" tests="1" name="TestNGAnnotationsAndKeywords.PriorityProgram" time="0.015" errors="0" timestamp="2021-04-08T23:47:10 IST" skipped="0">
  <testcase classname="TestNGAnnotationsAndKeywords.PriorityProgram" name="a_method" time="0.015"/>
  <system-out/>
</testsuite> <!-- TestNGAnnotationsAndKeywords.PriorityProgram -->
